[21:31:27] [Client thread/INFO]: Setting user: Player39
[21:31:33] [Client thread/INFO]: LWJGL Version: 2.9.1
[21:31:42] [Client thread/INFO]: Reloading ResourceManager: Default, FMLFileResourcePack:Forge Mod Loader, FMLFileResourcePack:Minecraft Forge, FMLFileResourcePack:Spectrobes mod
[21:31:43] [Sound Library Loader/INFO]: Starting up SoundSystem...
[21:31:43] [Thread-9/INFO]: Initializing LWJGL OpenAL
[21:31:43] [Thread-9/INFO]: (The LWJGL binding of OpenAL.  For more information, see http://www.lwjgl.org)
[21:31:43] [Thread-9/INFO]: OpenAL initialized.
[21:31:44] [Sound Library Loader/INFO]: Sound engine started
[21:31:51] [Client thread/INFO]: Created: 16x16 textures-atlas
[21:31:54] [Client thread/INFO]: Reloading ResourceManager: Default, FMLFileResourcePack:Forge Mod Loader, FMLFileResourcePack:Minecraft Forge, FMLFileResourcePack:Spectrobes mod
[21:31:54] [Client thread/INFO]: SoundSystem shutting down...
[21:31:54] [Client thread/WARN]: Author: Paul Lamb, www.paulscode.com
[21:31:54] [Sound Library Loader/INFO]: Starting up SoundSystem...
[21:31:54] [Thread-11/INFO]: Initializing LWJGL OpenAL
[21:31:54] [Thread-11/INFO]: (The LWJGL binding of OpenAL.  For more information, see http://www.lwjgl.org)
[21:31:54] [Thread-11/INFO]: OpenAL initialized.
[21:31:55] [Sound Library Loader/INFO]: Sound engine started
[21:32:03] [Client thread/INFO]: Created: 512x512 textures-atlas
[21:32:04] [Client thread/INFO]: Stopping!
[21:32:04] [Client thread/INFO]: SoundSystem shutting down...
[21:32:04] [Client thread/WARN]: Author: Paul Lamb, www.paulscode.com
[21:32:57] [Client thread/INFO]: Setting user: Player18
